[INFO ] 2019-09-19 14:21:33.493 [restartedMain] ExpencemanagerApplication - Starting ExpencemanagerApplication on SujitC-PC-250 with PID 2472 (started by Sujit Chavan in C:\Users\Sujit Chavan\Downloads\expencemanager)
[INFO ] 2019-09-19 14:21:33.513 [restartedMain] ExpencemanagerApplication - No active profile set, falling back to default profiles: default
[INFO ] 2019-09-19 14:21:37.797 [restartedMain] ExpencemanagerApplication - Started ExpencemanagerApplication in 4.567 seconds (JVM running for 5.323)
[INFO ] 2019-09-19 14:25:09.502 [restartedMain] ExpencemanagerApplication - Starting ExpencemanagerApplication on SujitC-PC-250 with PID 10056 (started by Sujit Chavan in C:\Users\Sujit Chavan\Downloads\expencemanager)
[INFO ] 2019-09-19 14:25:09.523 [restartedMain] ExpencemanagerApplication - No active profile set, falling back to default profiles: default
[INFO ] 2019-09-19 14:25:13.864 [restartedMain] ExpencemanagerApplication - Started ExpencemanagerApplication in 4.631 seconds (JVM running for 5.357)
[INFO ] 2019-09-19 14:25:17.898 [http-nio-8080-exec-1] ExpenseServiceImplement - Expenses found: 
[INFO ] 2019-09-19 14:36:15.631 [restartedMain] ExpencemanagerApplication - Starting ExpencemanagerApplication on SujitC-PC-250 with PID 10056 (started by Sujit Chavan in C:\Users\Sujit Chavan\Downloads\expencemanager)
[INFO ] 2019-09-19 14:36:15.631 [restartedMain] ExpencemanagerApplication - No active profile set, falling back to default profiles: default
[INFO ] 2019-09-19 14:36:16.280 [restartedMain] ExpencemanagerApplication - Started ExpencemanagerApplication in 0.665 seconds (JVM running for 667.775)
[INFO ] 2019-09-19 14:40:26.693 [restartedMain] ExpencemanagerApplication - Starting ExpencemanagerApplication on SujitC-PC-250 with PID 10056 (started by Sujit Chavan in C:\Users\Sujit Chavan\Downloads\expencemanager)
[INFO ] 2019-09-19 14:40:26.694 [restartedMain] ExpencemanagerApplication - No active profile set, falling back to default profiles: default
[INFO ] 2019-09-19 14:40:27.277 [restartedMain] ExpencemanagerApplication - Started ExpencemanagerApplication in 0.613 seconds (JVM running for 918.767)
[INFO ] 2019-09-19 14:42:10.298 [restartedMain] ExpencemanagerApplication - Starting ExpencemanagerApplication on SujitC-PC-250 with PID 10056 (started by Sujit Chavan in C:\Users\Sujit Chavan\Downloads\expencemanager)
[INFO ] 2019-09-19 14:42:10.299 [restartedMain] ExpencemanagerApplication - No active profile set, falling back to default profiles: default
[INFO ] 2019-09-19 14:42:10.871 [restartedMain] ExpencemanagerApplication - Started ExpencemanagerApplication in 0.6 seconds (JVM running for 1022.361)
[INFO ] 2019-09-19 14:42:24.671 [restartedMain] ExpencemanagerApplication - Starting ExpencemanagerApplication on SujitC-PC-250 with PID 10056 (started by Sujit Chavan in C:\Users\Sujit Chavan\Downloads\expencemanager)
[INFO ] 2019-09-19 14:42:24.671 [restartedMain] ExpencemanagerApplication - No active profile set, falling back to default profiles: default
[INFO ] 2019-09-19 14:42:25.213 [restartedMain] ExpencemanagerApplication - Started ExpencemanagerApplication in 0.568 seconds (JVM running for 1036.703)
[INFO ] 2019-09-19 14:43:01.338 [restartedMain] ExpencemanagerApplication - Starting ExpencemanagerApplication on SujitC-PC-250 with PID 10056 (started by Sujit Chavan in C:\Users\Sujit Chavan\Downloads\expencemanager)
[INFO ] 2019-09-19 14:43:01.339 [restartedMain] ExpencemanagerApplication - No active profile set, falling back to default profiles: default
[INFO ] 2019-09-19 14:43:01.935 [restartedMain] ExpencemanagerApplication - Started ExpencemanagerApplication in 0.624 seconds (JVM running for 1073.425)
[INFO ] 2019-09-19 14:46:11.193 [restartedMain] ExpencemanagerApplication - Starting ExpencemanagerApplication on SujitC-PC-250 with PID 10056 (started by Sujit Chavan in C:\Users\Sujit Chavan\Downloads\expencemanager)
[INFO ] 2019-09-19 14:46:11.193 [restartedMain] ExpencemanagerApplication - No active profile set, falling back to default profiles: default
[INFO ] 2019-09-19 14:46:11.741 [restartedMain] ExpencemanagerApplication - Started ExpencemanagerApplication in 0.579 seconds (JVM running for 1263.231)
[INFO ] 2019-09-19 14:46:18.467 [restartedMain] ExpencemanagerApplication - Starting ExpencemanagerApplication on SujitC-PC-250 with PID 10056 (started by Sujit Chavan in C:\Users\Sujit Chavan\Downloads\expencemanager)
[INFO ] 2019-09-19 14:46:18.467 [restartedMain] ExpencemanagerApplication - No active profile set, falling back to default profiles: default
[INFO ] 2019-09-19 14:46:19.101 [restartedMain] ExpencemanagerApplication - Started ExpencemanagerApplication in 0.667 seconds (JVM running for 1270.591)
[INFO ] 2019-09-19 14:54:01.480 [restartedMain] ExpencemanagerApplication - Starting ExpencemanagerApplication on SujitC-PC-250 with PID 4892 (started by Sujit Chavan in C:\Users\Sujit Chavan\Downloads\expencemanager)
[INFO ] 2019-09-19 14:54:01.485 [restartedMain] ExpencemanagerApplication - No active profile set, falling back to default profiles: default
[INFO ] 2019-09-19 14:54:05.966 [restartedMain] ExpencemanagerApplication - Started ExpencemanagerApplication in 4.789 seconds (JVM running for 5.536)
[INFO ] 2019-09-19 14:54:17.814 [restartedMain] ExpencemanagerApplication - Starting ExpencemanagerApplication on SujitC-PC-250 with PID 4892 (started by Sujit Chavan in C:\Users\Sujit Chavan\Downloads\expencemanager)
[INFO ] 2019-09-19 14:54:17.814 [restartedMain] ExpencemanagerApplication - No active profile set, falling back to default profiles: default
[INFO ] 2019-09-19 14:54:18.714 [restartedMain] ExpencemanagerApplication - Started ExpencemanagerApplication in 0.932 seconds (JVM running for 18.284)
[INFO ] 2019-09-19 14:55:09.585 [restartedMain] ExpencemanagerApplication - Starting ExpencemanagerApplication on SujitC-PC-250 with PID 4892 (started by Sujit Chavan in C:\Users\Sujit Chavan\Downloads\expencemanager)
[INFO ] 2019-09-19 14:55:09.586 [restartedMain] ExpencemanagerApplication - No active profile set, falling back to default profiles: default
[INFO ] 2019-09-19 14:55:10.337 [restartedMain] ExpencemanagerApplication - Started ExpencemanagerApplication in 0.795 seconds (JVM running for 69.909)
[INFO ] 2019-09-20 09:40:09.823 [restartedMain] ExpencemanagerApplication - Starting ExpencemanagerApplication on SujitC-PC-250 with PID 2388 (started by Sujit Chavan in C:\Users\Sujit Chavan\Downloads\expencemanager)
[INFO ] 2019-09-20 09:40:09.833 [restartedMain] ExpencemanagerApplication - No active profile set, falling back to default profiles: default
[INFO ] 2019-09-20 09:40:14.323 [restartedMain] ExpencemanagerApplication - Started ExpencemanagerApplication in 4.801 seconds (JVM running for 5.532)
[INFO ] 2019-09-20 09:40:18.266 [http-nio-8080-exec-1] ExpenseServiceImplement - Expenses found: 
[INFO ] 2019-09-20 09:42:34.338 [restartedMain] ExpencemanagerApplication - Starting ExpencemanagerApplication on SujitC-PC-250 with PID 2388 (started by Sujit Chavan in C:\Users\Sujit Chavan\Downloads\expencemanager)
[INFO ] 2019-09-20 09:42:34.338 [restartedMain] ExpencemanagerApplication - No active profile set, falling back to default profiles: default
[INFO ] 2019-09-20 09:42:35.275 [restartedMain] ExpencemanagerApplication - Started ExpencemanagerApplication in 0.959 seconds (JVM running for 146.486)
[INFO ] 2019-09-20 10:38:51.406 [restartedMain] ExpencemanagerApplication - Starting ExpencemanagerApplication on SujitC-PC-250 with PID 4808 (started by Sujit Chavan in C:\Users\Sujit Chavan\Downloads\expencemanager)
[INFO ] 2019-09-20 10:38:51.412 [restartedMain] ExpencemanagerApplication - No active profile set, falling back to default profiles: default
[INFO ] 2019-09-20 10:39:04.400 [restartedMain] ExpencemanagerApplication - Started ExpencemanagerApplication in 13.274 seconds (JVM running for 14.107)
[INFO ] 2019-09-20 12:27:12.318 [restartedMain] ExpencemanagerApplication - Starting ExpencemanagerApplication on SujitC-PC-250 with PID 11400 (started by Sujit Chavan in C:\Users\Sujit Chavan\Downloads\expencemanager)
[INFO ] 2019-09-20 12:27:12.323 [restartedMain] ExpencemanagerApplication - No active profile set, falling back to default profiles: default
[INFO ] 2019-09-20 12:27:17.372 [restartedMain] ExpencemanagerApplication - Started ExpencemanagerApplication in 5.316 seconds (JVM running for 6.019)
[INFO ] 2019-09-20 12:28:24.872 [restartedMain] ExpencemanagerApplication - Starting ExpencemanagerApplication on SujitC-PC-250 with PID 10144 (started by Sujit Chavan in C:\Users\Sujit Chavan\Downloads\expencemanager)
[INFO ] 2019-09-20 12:28:24.916 [restartedMain] ExpencemanagerApplication - No active profile set, falling back to default profiles: default
[INFO ] 2019-09-20 12:28:35.562 [restartedMain] ExpencemanagerApplication - Started ExpencemanagerApplication in 11.374 seconds (JVM running for 12.15)
[INFO ] 2019-09-20 12:29:10.819 [restartedMain] ExpencemanagerApplication - Starting ExpencemanagerApplication on SujitC-PC-250 with PID 3596 (started by Sujit Chavan in C:\Users\Sujit Chavan\Downloads\expencemanager)
[INFO ] 2019-09-20 12:29:10.824 [restartedMain] ExpencemanagerApplication - No active profile set, falling back to default profiles: default
[INFO ] 2019-09-20 12:29:15.547 [restartedMain] ExpencemanagerApplication - Started ExpencemanagerApplication in 4.99 seconds (JVM running for 5.699)
[INFO ] 2019-09-20 12:29:20.570 [ExpenseManager1] UserServiceImplement - Successfully Login User: 
[INFO ] 2019-09-20 12:30:10.044 [restartedMain] ExpencemanagerApplication - Starting ExpencemanagerApplication on SujitC-PC-250 with PID 3596 (started by Sujit Chavan in C:\Users\Sujit Chavan\Downloads\expencemanager)
[INFO ] 2019-09-20 12:30:10.045 [restartedMain] ExpencemanagerApplication - No active profile set, falling back to default profiles: default
[INFO ] 2019-09-20 12:30:11.395 [restartedMain] ExpencemanagerApplication - Started ExpencemanagerApplication in 1.393 seconds (JVM running for 61.547)
[INFO ] 2019-09-20 12:30:16.070 [ExpenseManager1] UserServiceImplement - Successfully Login User: 
[INFO ] 2019-09-20 12:30:29.401 [restartedMain] ExpencemanagerApplication - Starting ExpencemanagerApplication on SujitC-PC-250 with PID 3596 (started by Sujit Chavan in C:\Users\Sujit Chavan\Downloads\expencemanager)
[INFO ] 2019-09-20 12:30:29.401 [restartedMain] ExpencemanagerApplication - No active profile set, falling back to default profiles: default
[INFO ] 2019-09-20 12:30:30.282 [restartedMain] ExpencemanagerApplication - Started ExpencemanagerApplication in 0.92 seconds (JVM running for 80.434)
[INFO ] 2019-09-20 12:31:09.187 [restartedMain] ExpencemanagerApplication - Starting ExpencemanagerApplication on SujitC-PC-250 with PID 11696 (started by Sujit Chavan in C:\Users\Sujit Chavan\Downloads\expencemanager)
[INFO ] 2019-09-20 12:31:09.187 [restartedMain] ExpencemanagerApplication - No active profile set, falling back to default profiles: default
[INFO ] 2019-09-20 12:31:14.623 [restartedMain] ExpencemanagerApplication - Started ExpencemanagerApplication in 5.737 seconds (JVM running for 6.44)
[INFO ] 2019-09-20 12:31:21.251 [http-nio-8080-exec-1] UserServiceImplement - Successfully Login User: 
[INFO ] 2019-09-20 12:32:00.993 [restartedMain] ExpencemanagerApplication - Starting ExpencemanagerApplication on SujitC-PC-250 with PID 11696 (started by Sujit Chavan in C:\Users\Sujit Chavan\Downloads\expencemanager)
[INFO ] 2019-09-20 12:32:00.993 [restartedMain] ExpencemanagerApplication - No active profile set, falling back to default profiles: default
[INFO ] 2019-09-20 12:32:02.233 [restartedMain] ExpencemanagerApplication - Started ExpencemanagerApplication in 1.27 seconds (JVM running for 54.036)
[INFO ] 2019-09-20 12:32:12.071 [restartedMain] ExpencemanagerApplication - Starting ExpencemanagerApplication on SujitC-PC-250 with PID 11696 (started by Sujit Chavan in C:\Users\Sujit Chavan\Downloads\expencemanager)
[INFO ] 2019-09-20 12:32:12.071 [restartedMain] ExpencemanagerApplication - No active profile set, falling back to default profiles: default
[INFO ] 2019-09-20 12:32:13.234 [restartedMain] ExpencemanagerApplication - Started ExpencemanagerApplication in 1.194 seconds (JVM running for 65.037)
[INFO ] 2019-09-20 12:39:47.164 [restartedMain] ExpencemanagerApplication - Starting ExpencemanagerApplication on SujitC-PC-250 with PID 8168 (started by Sujit Chavan in C:\Users\Sujit Chavan\Downloads\expencemanager)
[INFO ] 2019-09-20 12:39:47.170 [restartedMain] ExpencemanagerApplication - No active profile set, falling back to default profiles: default
[INFO ] 2019-09-20 12:39:51.730 [restartedMain] ExpencemanagerApplication - Started ExpencemanagerApplication in 4.855 seconds (JVM running for 5.605)
[INFO ] 2019-09-20 12:40:33.828 [restartedMain] ExpencemanagerApplication - Starting ExpencemanagerApplication on SujitC-PC-250 with PID 8168 (started by Sujit Chavan in C:\Users\Sujit Chavan\Downloads\expencemanager)
[INFO ] 2019-09-20 12:40:33.829 [restartedMain] ExpencemanagerApplication - No active profile set, falling back to default profiles: default
[INFO ] 2019-09-20 12:40:34.838 [restartedMain] ExpencemanagerApplication - Started ExpencemanagerApplication in 1.044 seconds (JVM running for 48.709)
[INFO ] 2019-09-20 12:40:50.739 [restartedMain] ExpencemanagerApplication - Starting ExpencemanagerApplication on SujitC-PC-250 with PID 8168 (started by Sujit Chavan in C:\Users\Sujit Chavan\Downloads\expencemanager)
[INFO ] 2019-09-20 12:40:50.739 [restartedMain] ExpencemanagerApplication - No active profile set, falling back to default profiles: default
[INFO ] 2019-09-20 12:40:51.779 [restartedMain] ExpencemanagerApplication - Started ExpencemanagerApplication in 1.071 seconds (JVM running for 65.65)
[INFO ] 2019-09-20 12:41:17.789 [restartedMain] ExpencemanagerApplication - Starting ExpencemanagerApplication on SujitC-PC-250 with PID 8168 (started by Sujit Chavan in C:\Users\Sujit Chavan\Downloads\expencemanager)
[INFO ] 2019-09-20 12:41:17.790 [restartedMain] ExpencemanagerApplication - No active profile set, falling back to default profiles: default
[INFO ] 2019-09-20 12:41:18.603 [restartedMain] ExpencemanagerApplication - Started ExpencemanagerApplication in 0.843 seconds (JVM running for 92.474)
